<?xml version="1.0" encoding="UTF-8"?>
<!-- Generated by org.testng.reporters.JUnitXMLReporter -->
<testsuite ignored="0" hostname="HMECL002418" failures="0" tests="1" name="Smoke" time="0.022" errors="0" timestamp="28 Sep 2020 17:51:59 GMT">
  <testcase classname="TestCases.Login" name="@BeforeSuite getwebdriver" time="0.22">
    <failure type="java.lang.IllegalStateException" message="The driver executable does not exist: C:\Users\Nandhini.devi\OneDrive - Happiest Minds Technologies Pvt Ltd\selenium\chromedriver_win32\chromedriver_win32\chromedriver.exe">
      <![CDATA[java.lang.IllegalStateException: The driver executable does not exist: C:\Users\Nandhini.devi\OneDrive - Happiest Minds Technologies Pvt Ltd\selenium\chromedriver_win32\chromedriver_win32\chromedriver.exe
at com.google.common.base.Preconditions.checkState(Preconditions.java:531)
at org.openqa.selenium.remote.service.DriverService.checkExecutable(DriverService.java:117)
at org.openqa.selenium.remote.service.DriverService.findExecutable(DriverService.java:112)
at org.openqa.selenium.chrome.ChromeDriverService.createDefaultService(ChromeDriverService.java:89)
at org.openqa.selenium.chrome.ChromeDriver.<init>(ChromeDriver.java:106)
at TestCases.Login.getwebdriver(Login.java:36)
... Removed 20 stack frames]]>
    </failure>
  </testcase> <!-- @BeforeSuite getwebdriver -->
  <testcase classname="TestCases.Login" name="@BeforeTest openurl" time="0.0">
    <skipped/>
  </testcase> <!-- @BeforeTest openurl -->
  <testcase classname="TestCases.Login" name="@AfterClass closeBrowser" time="0.0">
    <skipped/>
  </testcase> <!-- @AfterClass closeBrowser -->
  <testcase classname="TestCases.Login" name="@AfterTest testcasedone" time="0.0">
    <skipped/>
  </testcase> <!-- @AfterTest testcasedone -->
  <testcase classname="TestCases.Login" name="automationpractice004" time="0.0">
    <skipped/>
  </testcase> <!-- automationpractice004 -->
</testsuite> <!-- Smoke -->
