<?xml version="1.0" encoding="UTF-8"?>
<testng-results ignored="0" total="1" passed="1" failed="0" skipped="0">
  <reporter-output>
  </reporter-output>
  <suite started-at="2020-09-28T18:05:38Z" name="Default suite" finished-at="2020-09-28T18:05:49Z" duration-ms="11763">
    <groups>
      <group name="smoke">
        <method signature="Login.automationpractice004()[pri:2, instance:TestCases.Login@2c1b194a]" name="automationpractice004" class="TestCases.Login"/>
      </group> <!-- smoke -->
    </groups>
    <test started-at="2020-09-28T18:05:38Z" name="Default test" finished-at="2020-09-28T18:05:49Z" duration-ms="11763">
      <class name="TestCases.Login">
        <test-method is-config="true" signature="getwebdriver()[pri:0, instance:TestCases.Login@2c1b194a]" started-at="2020-09-28T18:05:31Z" name="getwebdriver" finished-at="2020-09-28T18:05:38Z" duration-ms="6531" status="PASS">
          <reporter-output>
          </reporter-output>
        </test-method> <!-- getwebdriver -->
        <test-method is-config="true" signature="openurl()[pri:0, instance:TestCases.Login@2c1b194a]" started-at="2020-09-28T18:05:38Z" name="openurl" finished-at="2020-09-28T18:05:47Z" duration-ms="9180" status="PASS">
          <reporter-output>
          </reporter-output>
        </test-method> <!-- openurl -->
        <test-method signature="automationpractice004()[pri:2, instance:TestCases.Login@2c1b194a]" started-at="2020-09-28T18:05:47Z" name="automationpractice004" finished-at="2020-09-28T18:05:48Z" duration-ms="1485" status="PASS">
          <reporter-output>
          </reporter-output>
        </test-method> <!-- automationpractice004 -->
        <test-method is-config="true" signature="closeBrowser()[pri:0, instance:TestCases.Login@2c1b194a]" started-at="2020-09-28T18:05:48Z" name="closeBrowser" finished-at="2020-09-28T18:05:49Z" duration-ms="1074" status="PASS">
          <reporter-output>
          </reporter-output>
        </test-method> <!-- closeBrowser -->
        <test-method is-config="true" signature="testcasedone()[pri:0, instance:TestCases.Login@2c1b194a]" started-at="2020-09-28T18:05:49Z" name="testcasedone" finished-at="2020-09-28T18:05:49Z" duration-ms="0" status="PASS">
          <reporter-output>
          </reporter-output>
        </test-method> <!-- testcasedone -->
      </class> <!-- TestCases.Login -->
    </test> <!-- Default test -->
  </suite> <!-- Default suite -->
</testng-results>
